{"C:\\Users\\vaitesswar\\Desktop\\NodeJS\\patientDoctor_application\\backend\\app.ts": {"path":"C:\\Users\\vaitesswar\\Desktop\\NodeJS\\patientDoctor_application\\backend\\app.ts","statementMap":{"0":{"start":{"line":2,"column":14},"end":{"line":2,"column":32}},"1":{"start":{"line":3,"column":13},"end":{"line":3,"column":30}},"2":{"start":{"line":4,"column":11},"end":{"line":4,"column":26}},"3":{"start":{"line":7,"column":0},"end":{"line":7,"column":16}},"4":{"start":{"line":8,"column":10},"end":{"line":8,"column":19}},"5":{"start":{"line":9,"column":0},"end":{"line":9,"column":42}},"6":{"start":{"line":10,"column":0},"end":{"line":10,"column":24}},"7":{"start":{"line":11,"column":15},"end":{"line":11,"column":68}},"8":{"start":{"line":12,"column":0},"end":{"line":12,"column":31}},"9":{"start":{"line":15,"column":21},"end":{"line":15,"column":53}},"10":{"start":{"line":16,"column":0},"end":{"line":16,"column":15}},"11":{"start":{"line":19,"column":0},"end":{"line":19,"column":57}},"12":{"start":{"line":20,"column":0},"end":{"line":20,"column":55}},"13":{"start":{"line":21,"column":0},"end":{"line":21,"column":65}},"14":{"start":{"line":22,"column":0},"end":{"line":22,"column":45}},"15":{"start":{"line":33,"column":0},"end":{"line":33,"column":21}}},"fnMap":{},"branchMap":{},"s":{"0":1,"1":1,"2":1,"3":1,"4":1,"5":1,"6":1,"7":1,"8":1,"9":1,"10":1,"11":1,"12":1,"13":1,"14":1,"15":1},"f":{},"b":{}}
,"C:\\Users\\vaitesswar\\Desktop\\NodeJS\\patientDoctor_application\\backend\\config\\dbConnection.ts": {"path":"C:\\Users\\vaitesswar\\Desktop\\NodeJS\\patientDoctor_application\\backend\\config\\dbConnection.ts","statementMap":{"0":{"start":{"line":1,"column":28},"end":{"line":1,"column":47}},"1":{"start":{"line":3,"column":16},"end":{"line":14,"column":null}},"2":{"start":{"line":3,"column":27},"end":{"line":14,"column":null}},"3":{"start":{"line":4,"column":4},"end":{"line":13,"column":null}},"4":{"start":{"line":5,"column":24},"end":{"line":5,"column":77}},"5":{"start":{"line":6,"column":8},"end":{"line":9,"column":22}},"6":{"start":{"line":11,"column":8},"end":{"line":11,"column":25}},"7":{"start":{"line":12,"column":8},"end":{"line":12,"column":24}},"8":{"start":{"line":16,"column":0},"end":{"line":16,"column":27}}},"fnMap":{"0":{"name":"(anonymous_7)","decl":{"start":{"line":3,"column":16},"end":{"line":3,"column":25}},"loc":{"start":{"line":3,"column":27},"end":{"line":14,"column":null}}},"1":{"name":"(anonymous_8)","decl":{"start":{"line":3,"column":27},"end":{"line":3,"column":null}},"loc":{"start":{"line":3,"column":27},"end":{"line":14,"column":1}}}},"branchMap":{},"s":{"0":1,"1":1,"2":1,"3":1,"4":1,"5":1,"6":0,"7":0,"8":1},"f":{"0":1,"1":1},"b":{}}
,"C:\\Users\\vaitesswar\\Desktop\\NodeJS\\patientDoctor_application\\backend\\config\\keycloak-config.ts": {"path":"C:\\Users\\vaitesswar\\Desktop\\NodeJS\\patientDoctor_application\\backend\\config\\keycloak-config.ts","statementMap":{"0":{"start":{"line":1,"column":14},"end":{"line":1,"column":40}},"1":{"start":{"line":2,"column":15},"end":{"line":2,"column":42}},"2":{"start":{"line":4,"column":21},"end":{"line":14,"column":2}},"3":{"start":{"line":16,"column":18},"end":{"line":16,"column":43}},"4":{"start":{"line":17,"column":15},"end":{"line":17,"column":67}},"5":{"start":{"line":20,"column":8},"end":{"line":20,"column":24}},"6":{"start":{"line":24,"column":4},"end":{"line":24,"column":20}},"7":{"start":{"line":27,"column":0},"end":{"line":30,"column":2}}},"fnMap":{"0":{"name":"initKeycloak","decl":{"start":{"line":19,"column":9},"end":{"line":19,"column":21}},"loc":{"start":{"line":19,"column":21},"end":{"line":21,"column":1}}},"1":{"name":"getKeycloak","decl":{"start":{"line":23,"column":9},"end":{"line":23,"column":20}},"loc":{"start":{"line":23,"column":20},"end":{"line":25,"column":1}}}},"branchMap":{},"s":{"0":1,"1":1,"2":1,"3":1,"4":1,"5":1,"6":4,"7":1},"f":{"0":1,"1":4},"b":{}}
,"C:\\Users\\vaitesswar\\Desktop\\NodeJS\\patientDoctor_application\\backend\\controllers\\appointmentController.ts": {"path":"C:\\Users\\vaitesswar\\Desktop\\NodeJS\\patientDoctor_application\\backend\\controllers\\appointmentController.ts","statementMap":{"0":{"start":{"line":1,"column":19},"end":{"line":1,"column":51}},"1":{"start":{"line":2,"column":18},"end":{"line":2,"column":55}},"2":{"start":{"line":3,"column":14},"end":{"line":3,"column":47}},"3":{"start":{"line":4,"column":13},"end":{"line":4,"column":45}},"4":{"start":{"line":6,"column":22},"end":{"line":9,"column":2}},"5":{"start":{"line":6,"column":62},"end":{"line":9,"column":2}},"6":{"start":{"line":7,"column":25},"end":{"line":7,"column":49}},"7":{"start":{"line":8,"column":4},"end":{"line":8,"column":39}},"8":{"start":{"line":11,"column":21},"end":{"line":18,"column":2}},"9":{"start":{"line":11,"column":61},"end":{"line":18,"column":2}},"10":{"start":{"line":12,"column":24},"end":{"line":12,"column":65}},"11":{"start":{"line":13,"column":4},"end":{"line":16,"column":null}},"12":{"start":{"line":14,"column":8},"end":{"line":14,"column":24}},"13":{"start":{"line":15,"column":8},"end":{"line":15,"column":49}},"14":{"start":{"line":17,"column":4},"end":{"line":17,"column":38}},"15":{"start":{"line":20,"column":19},"end":{"line":27,"column":2}},"16":{"start":{"line":20,"column":59},"end":{"line":27,"column":2}},"17":{"start":{"line":21,"column":24},"end":{"line":21,"column":78}},"18":{"start":{"line":22,"column":4},"end":{"line":25,"column":null}},"19":{"start":{"line":23,"column":8},"end":{"line":23,"column":24}},"20":{"start":{"line":24,"column":8},"end":{"line":24,"column":45}},"21":{"start":{"line":26,"column":4},"end":{"line":26,"column":38}},"22":{"start":{"line":29,"column":18},"end":{"line":36,"column":2}},"23":{"start":{"line":29,"column":58},"end":{"line":36,"column":2}},"24":{"start":{"line":30,"column":24},"end":{"line":30,"column":77}},"25":{"start":{"line":31,"column":4},"end":{"line":34,"column":null}},"26":{"start":{"line":32,"column":8},"end":{"line":32,"column":24}},"27":{"start":{"line":33,"column":8},"end":{"line":33,"column":44}},"28":{"start":{"line":35,"column":4},"end":{"line":35,"column":38}},"29":{"start":{"line":38,"column":24},"end":{"line":64,"column":2}},"30":{"start":{"line":38,"column":64},"end":{"line":64,"column":2}},"31":{"start":{"line":39,"column":55},"end":{"line":39,"column":63}},"32":{"start":{"line":40,"column":4},"end":{"line":43,"column":null}},"33":{"start":{"line":41,"column":8},"end":{"line":41,"column":24}},"34":{"start":{"line":42,"column":8},"end":{"line":42,"column":53}},"35":{"start":{"line":58,"column":24},"end":{"line":62,"column":6}},"36":{"start":{"line":63,"column":4},"end":{"line":63,"column":38}},"37":{"start":{"line":66,"column":24},"end":{"line":92,"column":2}},"38":{"start":{"line":66,"column":64},"end":{"line":92,"column":2}},"39":{"start":{"line":67,"column":24},"end":{"line":67,"column":65}},"40":{"start":{"line":68,"column":4},"end":{"line":71,"column":6}},"41":{"start":{"line":69,"column":8},"end":{"line":69,"column":24}},"42":{"start":{"line":70,"column":8},"end":{"line":70,"column":49}},"43":{"start":{"line":80,"column":20},"end":{"line":80,"column":62}},"44":{"start":{"line":81,"column":4},"end":{"line":84,"column":null}},"45":{"start":{"line":82,"column":8},"end":{"line":82,"column":24}},"46":{"start":{"line":83,"column":8},"end":{"line":83,"column":45}},"47":{"start":{"line":86,"column":31},"end":{"line":89,"column":null}},"48":{"start":{"line":91,"column":4},"end":{"line":91,"column":45}},"49":{"start":{"line":94,"column":24},"end":{"line":102,"column":2}},"50":{"start":{"line":94,"column":64},"end":{"line":102,"column":2}},"51":{"start":{"line":95,"column":24},"end":{"line":95,"column":65}},"52":{"start":{"line":96,"column":4},"end":{"line":99,"column":null}},"53":{"start":{"line":97,"column":8},"end":{"line":97,"column":24}},"54":{"start":{"line":98,"column":8},"end":{"line":98,"column":49}},"55":{"start":{"line":100,"column":31},"end":{"line":100,"column":81}},"56":{"start":{"line":101,"column":4},"end":{"line":101,"column":45}},"57":{"start":{"line":104,"column":0},"end":{"line":111,"column":26}}},"fnMap":{"0":{"name":"(anonymous_7)","decl":{"start":{"line":6,"column":35},"end":{"line":6,"column":42}},"loc":{"start":{"line":6,"column":62},"end":{"line":9,"column":2}}},"1":{"name":"(anonymous_8)","decl":{"start":{"line":6,"column":62},"end":{"line":6,"column":null}},"loc":{"start":{"line":6,"column":62},"end":{"line":9,"column":1}}},"2":{"name":"(anonymous_9)","decl":{"start":{"line":11,"column":34},"end":{"line":11,"column":41}},"loc":{"start":{"line":11,"column":61},"end":{"line":18,"column":2}}},"3":{"name":"(anonymous_10)","decl":{"start":{"line":11,"column":61},"end":{"line":11,"column":null}},"loc":{"start":{"line":11,"column":61},"end":{"line":18,"column":1}}},"4":{"name":"(anonymous_11)","decl":{"start":{"line":20,"column":32},"end":{"line":20,"column":39}},"loc":{"start":{"line":20,"column":59},"end":{"line":27,"column":2}}},"5":{"name":"(anonymous_12)","decl":{"start":{"line":20,"column":59},"end":{"line":20,"column":null}},"loc":{"start":{"line":20,"column":59},"end":{"line":27,"column":1}}},"6":{"name":"(anonymous_13)","decl":{"start":{"line":29,"column":31},"end":{"line":29,"column":38}},"loc":{"start":{"line":29,"column":58},"end":{"line":36,"column":2}}},"7":{"name":"(anonymous_14)","decl":{"start":{"line":29,"column":58},"end":{"line":29,"column":null}},"loc":{"start":{"line":29,"column":58},"end":{"line":36,"column":1}}},"8":{"name":"(anonymous_15)","decl":{"start":{"line":38,"column":37},"end":{"line":38,"column":44}},"loc":{"start":{"line":38,"column":64},"end":{"line":64,"column":2}}},"9":{"name":"(anonymous_16)","decl":{"start":{"line":38,"column":64},"end":{"line":38,"column":null}},"loc":{"start":{"line":38,"column":64},"end":{"line":64,"column":1}}},"10":{"name":"(anonymous_17)","decl":{"start":{"line":66,"column":37},"end":{"line":66,"column":44}},"loc":{"start":{"line":66,"column":64},"end":{"line":92,"column":2}}},"11":{"name":"(anonymous_18)","decl":{"start":{"line":66,"column":64},"end":{"line":66,"column":null}},"loc":{"start":{"line":66,"column":64},"end":{"line":92,"column":1}}},"12":{"name":"(anonymous_19)","decl":{"start":{"line":94,"column":37},"end":{"line":94,"column":44}},"loc":{"start":{"line":94,"column":64},"end":{"line":102,"column":2}}},"13":{"name":"(anonymous_20)","decl":{"start":{"line":94,"column":64},"end":{"line":94,"column":null}},"loc":{"start":{"line":94,"column":64},"end":{"line":102,"column":1}}}},"branchMap":{"0":{"loc":{"start":{"line":13,"column":4},"end":{"line":16,"column":null}},"type":"if","locations":[{"start":{"line":13,"column":4},"end":{"line":16,"column":null}}]},"1":{"loc":{"start":{"line":22,"column":4},"end":{"line":25,"column":null}},"type":"if","locations":[{"start":{"line":22,"column":4},"end":{"line":25,"column":null}}]},"2":{"loc":{"start":{"line":31,"column":4},"end":{"line":34,"column":null}},"type":"if","locations":[{"start":{"line":31,"column":4},"end":{"line":34,"column":null}}]},"3":{"loc":{"start":{"line":40,"column":4},"end":{"line":43,"column":null}},"type":"if","locations":[{"start":{"line":40,"column":4},"end":{"line":43,"column":null}}]},"4":{"loc":{"start":{"line":40,"column":8},"end":{"line":40,"column":55}},"type":"binary-expr","locations":[{"start":{"line":40,"column":8},"end":{"line":40,"column":18}},{"start":{"line":40,"column":22},"end":{"line":40,"column":31}},{"start":{"line":40,"column":35},"end":{"line":40,"column":55}}]},"5":{"loc":{"start":{"line":68,"column":4},"end":{"line":71,"column":6}},"type":"if","locations":[{"start":{"line":68,"column":4},"end":{"line":71,"column":6}}]},"6":{"loc":{"start":{"line":81,"column":4},"end":{"line":84,"column":null}},"type":"if","locations":[{"start":{"line":81,"column":4},"end":{"line":84,"column":null}}]},"7":{"loc":{"start":{"line":96,"column":4},"end":{"line":99,"column":null}},"type":"if","locations":[{"start":{"line":96,"column":4},"end":{"line":99,"column":null}}]}},"s":{"0":1,"1":1,"2":1,"3":1,"4":1,"5":0,"6":0,"7":0,"8":1,"9":0,"10":0,"11":0,"12":0,"13":0,"14":0,"15":1,"16":0,"17":0,"18":0,"19":0,"20":0,"21":0,"22":1,"23":0,"24":0,"25":0,"26":0,"27":0,"28":0,"29":1,"30":0,"31":0,"32":0,"33":0,"34":0,"35":0,"36":0,"37":1,"38":0,"39":0,"40":0,"41":0,"42":0,"43":0,"44":0,"45":0,"46":0,"47":0,"48":0,"49":1,"50":0,"51":0,"52":0,"53":0,"54":0,"55":0,"56":0,"57":1},"f":{"0":0,"1":0,"2":0,"3":0,"4":0,"5":0,"6":0,"7":0,"8":0,"9":0,"10":0,"11":0,"12":0,"13":0},"b":{"0":[0],"1":[0],"2":[0],"3":[0],"4":[0,0,0],"5":[0],"6":[0],"7":[0]}}
,"C:\\Users\\vaitesswar\\Desktop\\NodeJS\\patientDoctor_application\\backend\\controllers\\doctorController.ts": {"path":"C:\\Users\\vaitesswar\\Desktop\\NodeJS\\patientDoctor_application\\backend\\controllers\\doctorController.ts","statementMap":{"0":{"start":{"line":1,"column":19},"end":{"line":1,"column":51}},"1":{"start":{"line":2,"column":13},"end":{"line":2,"column":45}},"2":{"start":{"line":3,"column":18},"end":{"line":3,"column":55}},"3":{"start":{"line":5,"column":17},"end":{"line":8,"column":2}},"4":{"start":{"line":5,"column":57},"end":{"line":8,"column":2}},"5":{"start":{"line":6,"column":20},"end":{"line":6,"column":39}},"6":{"start":{"line":7,"column":4},"end":{"line":7,"column":34}},"7":{"start":{"line":10,"column":16},"end":{"line":17,"column":2}},"8":{"start":{"line":10,"column":56},"end":{"line":17,"column":2}},"9":{"start":{"line":11,"column":19},"end":{"line":11,"column":55}},"10":{"start":{"line":12,"column":4},"end":{"line":15,"column":null}},"11":{"start":{"line":13,"column":8},"end":{"line":13,"column":24}},"12":{"start":{"line":14,"column":8},"end":{"line":14,"column":44}},"13":{"start":{"line":16,"column":4},"end":{"line":16,"column":33}},"14":{"start":{"line":19,"column":19},"end":{"line":30,"column":2}},"15":{"start":{"line":19,"column":59},"end":{"line":30,"column":2}},"16":{"start":{"line":20,"column":30},"end":{"line":20,"column":38}},"17":{"start":{"line":21,"column":4},"end":{"line":24,"column":null}},"18":{"start":{"line":22,"column":8},"end":{"line":22,"column":24}},"19":{"start":{"line":23,"column":8},"end":{"line":23,"column":53}},"20":{"start":{"line":25,"column":19},"end":{"line":28,"column":6}},"21":{"start":{"line":29,"column":4},"end":{"line":29,"column":33}},"22":{"start":{"line":32,"column":19},"end":{"line":45,"column":2}},"23":{"start":{"line":32,"column":59},"end":{"line":45,"column":2}},"24":{"start":{"line":33,"column":19},"end":{"line":33,"column":55}},"25":{"start":{"line":34,"column":4},"end":{"line":37,"column":null}},"26":{"start":{"line":35,"column":8},"end":{"line":35,"column":24}},"27":{"start":{"line":36,"column":8},"end":{"line":36,"column":44}},"28":{"start":{"line":39,"column":26},"end":{"line":42,"column":null}},"29":{"start":{"line":44,"column":4},"end":{"line":44,"column":40}},"30":{"start":{"line":47,"column":19},"end":{"line":60,"column":2}},"31":{"start":{"line":47,"column":59},"end":{"line":60,"column":2}},"32":{"start":{"line":48,"column":19},"end":{"line":48,"column":55}},"33":{"start":{"line":49,"column":4},"end":{"line":52,"column":null}},"34":{"start":{"line":50,"column":8},"end":{"line":50,"column":24}},"35":{"start":{"line":51,"column":8},"end":{"line":51,"column":44}},"36":{"start":{"line":53,"column":26},"end":{"line":53,"column":71}},"37":{"start":{"line":54,"column":31},"end":{"line":54,"column":84}},"38":{"start":{"line":55,"column":4},"end":{"line":57,"column":null}},"39":{"start":{"line":56,"column":8},"end":{"line":56,"column":61}},"40":{"start":{"line":59,"column":4},"end":{"line":59,"column":40}},"41":{"start":{"line":62,"column":0},"end":{"line":67,"column":21}}},"fnMap":{"0":{"name":"(anonymous_7)","decl":{"start":{"line":5,"column":30},"end":{"line":5,"column":37}},"loc":{"start":{"line":5,"column":57},"end":{"line":8,"column":2}}},"1":{"name":"(anonymous_8)","decl":{"start":{"line":5,"column":57},"end":{"line":5,"column":null}},"loc":{"start":{"line":5,"column":57},"end":{"line":8,"column":1}}},"2":{"name":"(anonymous_9)","decl":{"start":{"line":10,"column":29},"end":{"line":10,"column":36}},"loc":{"start":{"line":10,"column":56},"end":{"line":17,"column":2}}},"3":{"name":"(anonymous_10)","decl":{"start":{"line":10,"column":56},"end":{"line":10,"column":null}},"loc":{"start":{"line":10,"column":56},"end":{"line":17,"column":1}}},"4":{"name":"(anonymous_11)","decl":{"start":{"line":19,"column":32},"end":{"line":19,"column":39}},"loc":{"start":{"line":19,"column":59},"end":{"line":30,"column":2}}},"5":{"name":"(anonymous_12)","decl":{"start":{"line":19,"column":59},"end":{"line":19,"column":null}},"loc":{"start":{"line":19,"column":59},"end":{"line":30,"column":1}}},"6":{"name":"(anonymous_13)","decl":{"start":{"line":32,"column":32},"end":{"line":32,"column":39}},"loc":{"start":{"line":32,"column":59},"end":{"line":45,"column":2}}},"7":{"name":"(anonymous_14)","decl":{"start":{"line":32,"column":59},"end":{"line":32,"column":null}},"loc":{"start":{"line":32,"column":59},"end":{"line":45,"column":1}}},"8":{"name":"(anonymous_15)","decl":{"start":{"line":47,"column":32},"end":{"line":47,"column":39}},"loc":{"start":{"line":47,"column":59},"end":{"line":60,"column":2}}},"9":{"name":"(anonymous_16)","decl":{"start":{"line":47,"column":59},"end":{"line":47,"column":null}},"loc":{"start":{"line":47,"column":59},"end":{"line":60,"column":1}}}},"branchMap":{"0":{"loc":{"start":{"line":12,"column":4},"end":{"line":15,"column":null}},"type":"if","locations":[{"start":{"line":12,"column":4},"end":{"line":15,"column":null}}]},"1":{"loc":{"start":{"line":21,"column":4},"end":{"line":24,"column":null}},"type":"if","locations":[{"start":{"line":21,"column":4},"end":{"line":24,"column":null}}]},"2":{"loc":{"start":{"line":21,"column":8},"end":{"line":21,"column":27}},"type":"binary-expr","locations":[{"start":{"line":21,"column":8},"end":{"line":21,"column":13}},{"start":{"line":21,"column":17},"end":{"line":21,"column":27}}]},"3":{"loc":{"start":{"line":34,"column":4},"end":{"line":37,"column":null}},"type":"if","locations":[{"start":{"line":34,"column":4},"end":{"line":37,"column":null}}]},"4":{"loc":{"start":{"line":49,"column":4},"end":{"line":52,"column":null}},"type":"if","locations":[{"start":{"line":49,"column":4},"end":{"line":52,"column":null}}]}},"s":{"0":1,"1":1,"2":1,"3":1,"4":0,"5":0,"6":0,"7":1,"8":0,"9":0,"10":0,"11":0,"12":0,"13":0,"14":1,"15":0,"16":0,"17":0,"18":0,"19":0,"20":0,"21":0,"22":1,"23":0,"24":0,"25":0,"26":0,"27":0,"28":0,"29":0,"30":1,"31":0,"32":0,"33":0,"34":0,"35":0,"36":0,"37":0,"38":0,"39":0,"40":0,"41":1},"f":{"0":0,"1":0,"2":0,"3":0,"4":0,"5":0,"6":0,"7":0,"8":0,"9":0},"b":{"0":[0],"1":[0],"2":[0,0],"3":[0],"4":[0]}}
,"C:\\Users\\vaitesswar\\Desktop\\NodeJS\\patientDoctor_application\\backend\\controllers\\patientController.ts": {"path":"C:\\Users\\vaitesswar\\Desktop\\NodeJS\\patientDoctor_application\\backend\\controllers\\patientController.ts","statementMap":{"0":{"start":{"line":1,"column":10},"end":{"line":1,"column":33}},"1":{"start":{"line":2,"column":9},"end":{"line":2,"column":22}},"2":{"start":{"line":3,"column":12},"end":{"line":3,"column":28}},"3":{"start":{"line":4,"column":19},"end":{"line":4,"column":51}},"4":{"start":{"line":5,"column":14},"end":{"line":5,"column":47}},"5":{"start":{"line":6,"column":18},"end":{"line":6,"column":55}},"6":{"start":{"line":8,"column":18},"end":{"line":11,"column":2}},"7":{"start":{"line":8,"column":58},"end":{"line":11,"column":2}},"8":{"start":{"line":9,"column":21},"end":{"line":9,"column":41}},"9":{"start":{"line":10,"column":4},"end":{"line":10,"column":35}},"10":{"start":{"line":13,"column":17},"end":{"line":73,"column":2}},"11":{"start":{"line":13,"column":57},"end":{"line":73,"column":2}},"12":{"start":{"line":25,"column":20},"end":{"line":25,"column":46}},"13":{"start":{"line":27,"column":19},"end":{"line":35,"column":null}},"14":{"start":{"line":37,"column":23},"end":{"line":37,"column":58}},"15":{"start":{"line":38,"column":16},"end":{"line":38,"column":68}},"16":{"start":{"line":47,"column":25},"end":{"line":48,"column":null}},"17":{"start":{"line":50,"column":19},"end":{"line":52,"column":10}},"18":{"start":{"line":53,"column":8},"end":{"line":53,"column":20}},"19":{"start":{"line":57,"column":25},"end":{"line":65,"column":10}},"20":{"start":{"line":66,"column":29},"end":{"line":66,"column":55}},"21":{"start":{"line":67,"column":21},"end":{"line":67,"column":55}},"22":{"start":{"line":68,"column":8},"end":{"line":68,"column":20}},"23":{"start":{"line":71,"column":17},"end":{"line":71,"column":40}},"24":{"start":{"line":72,"column":4},"end":{"line":72,"column":31}},"25":{"start":{"line":75,"column":20},"end":{"line":88,"column":2}},"26":{"start":{"line":75,"column":60},"end":{"line":88,"column":2}},"27":{"start":{"line":76,"column":44},"end":{"line":76,"column":52}},"28":{"start":{"line":77,"column":4},"end":{"line":80,"column":null}},"29":{"start":{"line":78,"column":8},"end":{"line":78,"column":24}},"30":{"start":{"line":79,"column":8},"end":{"line":79,"column":53}},"31":{"start":{"line":81,"column":20},"end":{"line":86,"column":6}},"32":{"start":{"line":87,"column":4},"end":{"line":87,"column":34}},"33":{"start":{"line":90,"column":20},"end":{"line":103,"column":2}},"34":{"start":{"line":90,"column":60},"end":{"line":103,"column":2}},"35":{"start":{"line":91,"column":20},"end":{"line":91,"column":57}},"36":{"start":{"line":92,"column":4},"end":{"line":95,"column":null}},"37":{"start":{"line":93,"column":8},"end":{"line":93,"column":24}},"38":{"start":{"line":94,"column":8},"end":{"line":94,"column":45}},"39":{"start":{"line":97,"column":27},"end":{"line":100,"column":null}},"40":{"start":{"line":102,"column":4},"end":{"line":102,"column":41}},"41":{"start":{"line":105,"column":20},"end":{"line":117,"column":2}},"42":{"start":{"line":105,"column":60},"end":{"line":117,"column":2}},"43":{"start":{"line":106,"column":20},"end":{"line":106,"column":57}},"44":{"start":{"line":107,"column":4},"end":{"line":110,"column":null}},"45":{"start":{"line":108,"column":8},"end":{"line":108,"column":24}},"46":{"start":{"line":109,"column":8},"end":{"line":109,"column":45}},"47":{"start":{"line":111,"column":27},"end":{"line":111,"column":73}},"48":{"start":{"line":112,"column":31},"end":{"line":112,"column":85}},"49":{"start":{"line":113,"column":4},"end":{"line":115,"column":null}},"50":{"start":{"line":114,"column":8},"end":{"line":114,"column":61}},"51":{"start":{"line":116,"column":4},"end":{"line":116,"column":41}},"52":{"start":{"line":119,"column":0},"end":{"line":124,"column":22}}},"fnMap":{"0":{"name":"(anonymous_7)","decl":{"start":{"line":8,"column":31},"end":{"line":8,"column":38}},"loc":{"start":{"line":8,"column":58},"end":{"line":11,"column":2}}},"1":{"name":"(anonymous_8)","decl":{"start":{"line":8,"column":58},"end":{"line":8,"column":null}},"loc":{"start":{"line":8,"column":58},"end":{"line":11,"column":1}}},"2":{"name":"(anonymous_9)","decl":{"start":{"line":13,"column":30},"end":{"line":13,"column":37}},"loc":{"start":{"line":13,"column":57},"end":{"line":73,"column":2}}},"3":{"name":"(anonymous_10)","decl":{"start":{"line":13,"column":57},"end":{"line":13,"column":null}},"loc":{"start":{"line":13,"column":57},"end":{"line":73,"column":1}}},"4":{"name":"getPatientInfo","decl":{"start":{"line":46,"column":19},"end":{"line":46,"column":33}},"loc":{"start":{"line":46,"column":50},"end":{"line":54,"column":null}}},"5":{"name":"loginPatient","decl":{"start":{"line":56,"column":19},"end":{"line":56,"column":31}},"loc":{"start":{"line":56,"column":39},"end":{"line":69,"column":null}}},"6":{"name":"(anonymous_15)","decl":{"start":{"line":75,"column":33},"end":{"line":75,"column":40}},"loc":{"start":{"line":75,"column":60},"end":{"line":88,"column":2}}},"7":{"name":"(anonymous_16)","decl":{"start":{"line":75,"column":60},"end":{"line":75,"column":null}},"loc":{"start":{"line":75,"column":60},"end":{"line":88,"column":1}}},"8":{"name":"(anonymous_17)","decl":{"start":{"line":90,"column":33},"end":{"line":90,"column":40}},"loc":{"start":{"line":90,"column":60},"end":{"line":103,"column":2}}},"9":{"name":"(anonymous_18)","decl":{"start":{"line":90,"column":60},"end":{"line":90,"column":null}},"loc":{"start":{"line":90,"column":60},"end":{"line":103,"column":1}}},"10":{"name":"(anonymous_19)","decl":{"start":{"line":105,"column":33},"end":{"line":105,"column":40}},"loc":{"start":{"line":105,"column":60},"end":{"line":117,"column":2}}},"11":{"name":"(anonymous_20)","decl":{"start":{"line":105,"column":60},"end":{"line":105,"column":null}},"loc":{"start":{"line":105,"column":60},"end":{"line":117,"column":1}}}},"branchMap":{"0":{"loc":{"start":{"line":77,"column":4},"end":{"line":80,"column":null}},"type":"if","locations":[{"start":{"line":77,"column":4},"end":{"line":80,"column":null}}]},"1":{"loc":{"start":{"line":77,"column":8},"end":{"line":77,"column":46}},"type":"binary-expr","locations":[{"start":{"line":77,"column":8},"end":{"line":77,"column":13}},{"start":{"line":77,"column":17},"end":{"line":77,"column":23}},{"start":{"line":77,"column":27},"end":{"line":77,"column":35}},{"start":{"line":77,"column":38},"end":{"line":77,"column":46}}]},"2":{"loc":{"start":{"line":92,"column":4},"end":{"line":95,"column":null}},"type":"if","locations":[{"start":{"line":92,"column":4},"end":{"line":95,"column":null}}]},"3":{"loc":{"start":{"line":107,"column":4},"end":{"line":110,"column":null}},"type":"if","locations":[{"start":{"line":107,"column":4},"end":{"line":110,"column":null}}]}},"s":{"0":1,"1":1,"2":1,"3":1,"4":1,"5":1,"6":1,"7":0,"8":0,"9":0,"10":1,"11":0,"12":0,"13":0,"14":0,"15":0,"16":0,"17":0,"18":0,"19":0,"20":0,"21":0,"22":0,"23":0,"24":0,"25":1,"26":0,"27":0,"28":0,"29":0,"30":0,"31":0,"32":0,"33":1,"34":0,"35":0,"36":0,"37":0,"38":0,"39":0,"40":0,"41":1,"42":0,"43":0,"44":0,"45":0,"46":0,"47":0,"48":0,"49":0,"50":0,"51":0,"52":1},"f":{"0":0,"1":0,"2":0,"3":0,"4":0,"5":0,"6":0,"7":0,"8":0,"9":0,"10":0,"11":0},"b":{"0":[0],"1":[0,0,0,0],"2":[0],"3":[0]}}
,"C:\\Users\\vaitesswar\\Desktop\\NodeJS\\patientDoctor_application\\backend\\models\\appointmentModel.ts": {"path":"C:\\Users\\vaitesswar\\Desktop\\NodeJS\\patientDoctor_application\\backend\\models\\appointmentModel.ts","statementMap":{"0":{"start":{"line":1,"column":15},"end":{"line":1,"column":34}},"1":{"start":{"line":2,"column":13},"end":{"line":2,"column":28}},"2":{"start":{"line":3,"column":26},"end":{"line":21,"column":null}},"3":{"start":{"line":25,"column":0},"end":{"line":25,"column":66}}},"fnMap":{},"branchMap":{},"s":{"0":1,"1":1,"2":1,"3":1},"f":{},"b":{}}
,"C:\\Users\\vaitesswar\\Desktop\\NodeJS\\patientDoctor_application\\backend\\models\\doctorModel.ts": {"path":"C:\\Users\\vaitesswar\\Desktop\\NodeJS\\patientDoctor_application\\backend\\models\\doctorModel.ts","statementMap":{"0":{"start":{"line":1,"column":15},"end":{"line":1,"column":34}},"1":{"start":{"line":2,"column":21},"end":{"line":14,"column":null}},"2":{"start":{"line":18,"column":0},"end":{"line":18,"column":56}}},"fnMap":{},"branchMap":{},"s":{"0":1,"1":1,"2":1},"f":{},"b":{}}
,"C:\\Users\\vaitesswar\\Desktop\\NodeJS\\patientDoctor_application\\backend\\models\\patientModel.ts": {"path":"C:\\Users\\vaitesswar\\Desktop\\NodeJS\\patientDoctor_application\\backend\\models\\patientModel.ts","statementMap":{"0":{"start":{"line":1,"column":15},"end":{"line":1,"column":34}},"1":{"start":{"line":2,"column":22},"end":{"line":22,"column":null}},"2":{"start":{"line":26,"column":0},"end":{"line":26,"column":58}}},"fnMap":{},"branchMap":{},"s":{"0":1,"1":1,"2":1},"f":{},"b":{}}
,"C:\\Users\\vaitesswar\\Desktop\\NodeJS\\patientDoctor_application\\backend\\restAPI\\appointmentRoutes.ts": {"path":"C:\\Users\\vaitesswar\\Desktop\\NodeJS\\patientDoctor_application\\backend\\restAPI\\appointmentRoutes.ts","statementMap":{"0":{"start":{"line":1,"column":14},"end":{"line":1,"column":32}},"1":{"start":{"line":2,"column":13},"end":{"line":2,"column":29}},"2":{"start":{"line":3,"column":15},"end":{"line":3,"column":68}},"3":{"start":{"line":10,"column":34},"end":{"line":10,"column":81}},"4":{"start":{"line":12,"column":0},"end":{"line":14,"column":41}},"5":{"start":{"line":15,"column":0},"end":{"line":17,"column":23}},"6":{"start":{"line":18,"column":0},"end":{"line":20,"column":20}},"7":{"start":{"line":21,"column":0},"end":{"line":23,"column":23}},"8":{"start":{"line":24,"column":0},"end":{"line":26,"column":23}},"9":{"start":{"line":27,"column":0},"end":{"line":29,"column":18}},"10":{"start":{"line":30,"column":0},"end":{"line":32,"column":17}},"11":{"start":{"line":34,"column":0},"end":{"line":34,"column":24}}},"fnMap":{},"branchMap":{},"s":{"0":1,"1":1,"2":1,"3":1,"4":1,"5":1,"6":1,"7":1,"8":1,"9":1,"10":1,"11":1},"f":{},"b":{}}
,"C:\\Users\\vaitesswar\\Desktop\\NodeJS\\patientDoctor_application\\backend\\restAPI\\doctorRoutes.ts": {"path":"C:\\Users\\vaitesswar\\Desktop\\NodeJS\\patientDoctor_application\\backend\\restAPI\\doctorRoutes.ts","statementMap":{"0":{"start":{"line":1,"column":14},"end":{"line":1,"column":32}},"1":{"start":{"line":2,"column":13},"end":{"line":2,"column":29}},"2":{"start":{"line":3,"column":15},"end":{"line":3,"column":68}},"3":{"start":{"line":8,"column":29},"end":{"line":8,"column":71}},"4":{"start":{"line":10,"column":0},"end":{"line":12,"column":16}},"5":{"start":{"line":13,"column":0},"end":{"line":15,"column":18}},"6":{"start":{"line":16,"column":0},"end":{"line":18,"column":15}},"7":{"start":{"line":19,"column":0},"end":{"line":21,"column":18}},"8":{"start":{"line":22,"column":0},"end":{"line":24,"column":18}},"9":{"start":{"line":26,"column":0},"end":{"line":26,"column":24}}},"fnMap":{},"branchMap":{},"s":{"0":1,"1":1,"2":1,"3":1,"4":1,"5":1,"6":1,"7":1,"8":1,"9":1},"f":{},"b":{}}
,"C:\\Users\\vaitesswar\\Desktop\\NodeJS\\patientDoctor_application\\backend\\restAPI\\patientRoutes.ts": {"path":"C:\\Users\\vaitesswar\\Desktop\\NodeJS\\patientDoctor_application\\backend\\restAPI\\patientRoutes.ts","statementMap":{"0":{"start":{"line":1,"column":14},"end":{"line":1,"column":32}},"1":{"start":{"line":2,"column":13},"end":{"line":2,"column":29}},"2":{"start":{"line":3,"column":15},"end":{"line":3,"column":68}},"3":{"start":{"line":8,"column":30},"end":{"line":8,"column":73}},"4":{"start":{"line":10,"column":0},"end":{"line":12,"column":17}},"5":{"start":{"line":13,"column":0},"end":{"line":15,"column":19}},"6":{"start":{"line":16,"column":0},"end":{"line":18,"column":16}},"7":{"start":{"line":19,"column":0},"end":{"line":21,"column":19}},"8":{"start":{"line":22,"column":0},"end":{"line":24,"column":19}},"9":{"start":{"line":27,"column":0},"end":{"line":27,"column":24}}},"fnMap":{},"branchMap":{},"s":{"0":1,"1":1,"2":1,"3":1,"4":1,"5":1,"6":1,"7":1,"8":1,"9":1},"f":{},"b":{}}
,"C:\\Users\\vaitesswar\\Desktop\\NodeJS\\patientDoctor_application\\backend\\restAPI\\userRoutes.ts": {"path":"C:\\Users\\vaitesswar\\Desktop\\NodeJS\\patientDoctor_application\\backend\\restAPI\\userRoutes.ts","statementMap":{"0":{"start":{"line":1,"column":14},"end":{"line":1,"column":32}},"1":{"start":{"line":2,"column":13},"end":{"line":2,"column":29}},"2":{"start":{"line":3,"column":15},"end":{"line":3,"column":68}},"3":{"start":{"line":5,"column":0},"end":{"line":7,"column":3}},"4":{"start":{"line":6,"column":4},"end":{"line":6,"column":27}},"5":{"start":{"line":10,"column":0},"end":{"line":14,"column":3}},"6":{"start":{"line":13,"column":4},"end":{"line":13,"column":31}},"7":{"start":{"line":16,"column":0},"end":{"line":16,"column":24}}},"fnMap":{"0":{"name":"(anonymous_0)","decl":{"start":{"line":5,"column":40},"end":{"line":5,"column":49}},"loc":{"start":{"line":5,"column":65},"end":{"line":7,"column":1}}},"1":{"name":"(anonymous_1)","decl":{"start":{"line":12,"column":4},"end":{"line":12,"column":13}},"loc":{"start":{"line":12,"column":29},"end":{"line":14,"column":1}}}},"branchMap":{},"s":{"0":1,"1":1,"2":1,"3":1,"4":0,"5":1,"6":0,"7":1},"f":{"0":0,"1":0},"b":{}}
}
