TN:
SF:app.ts
FNF:0
FNH:0
DA:2,1
DA:3,1
DA:4,1
DA:7,1
DA:8,1
DA:9,1
DA:10,1
DA:11,1
DA:12,1
DA:15,1
DA:16,1
DA:19,1
DA:20,1
DA:21,1
DA:22,1
DA:33,1
LF:16
LH:16
BRF:0
BRH:0
end_of_record
TN:
SF:config\dbConnection.ts
FN:3,(anonymous_7)
FN:3,(anonymous_8)
FNF:2
FNH:2
FNDA:1,(anonymous_7)
FNDA:1,(anonymous_8)
DA:1,1
DA:3,1
DA:4,1
DA:5,1
DA:6,1
DA:11,0
DA:12,0
DA:16,1
LF:8
LH:6
BRF:0
BRH:0
end_of_record
TN:
SF:config\keycloak-config.ts
FN:19,initKeycloak
FN:23,getKeycloak
FNF:2
FNH:2
FNDA:1,initKeycloak
FNDA:4,getKeycloak
DA:1,1
DA:2,1
DA:4,1
DA:16,1
DA:17,1
DA:20,1
DA:24,4
DA:27,1
LF:8
LH:8
BRF:0
BRH:0
end_of_record
TN:
SF:controllers\appointmentController.ts
FN:6,(anonymous_7)
FN:6,(anonymous_8)
FN:11,(anonymous_9)
FN:11,(anonymous_10)
FN:20,(anonymous_11)
FN:20,(anonymous_12)
FN:29,(anonymous_13)
FN:29,(anonymous_14)
FN:38,(anonymous_15)
FN:38,(anonymous_16)
FN:66,(anonymous_17)
FN:66,(anonymous_18)
FN:94,(anonymous_19)
FN:94,(anonymous_20)
FNF:14
FNH:0
FNDA:0,(anonymous_7)
FNDA:0,(anonymous_8)
FNDA:0,(anonymous_9)
FNDA:0,(anonymous_10)
FNDA:0,(anonymous_11)
FNDA:0,(anonymous_12)
FNDA:0,(anonymous_13)
FNDA:0,(anonymous_14)
FNDA:0,(anonymous_15)
FNDA:0,(anonymous_16)
FNDA:0,(anonymous_17)
FNDA:0,(anonymous_18)
FNDA:0,(anonymous_19)
FNDA:0,(anonymous_20)
DA:1,1
DA:2,1
DA:3,1
DA:4,1
DA:6,1
DA:7,0
DA:8,0
DA:11,1
DA:12,0
DA:13,0
DA:14,0
DA:15,0
DA:17,0
DA:20,1
DA:21,0
DA:22,0
DA:23,0
DA:24,0
DA:26,0
DA:29,1
DA:30,0
DA:31,0
DA:32,0
DA:33,0
DA:35,0
DA:38,1
DA:39,0
DA:40,0
DA:41,0
DA:42,0
DA:58,0
DA:63,0
DA:66,1
DA:67,0
DA:68,0
DA:69,0
DA:70,0
DA:80,0
DA:81,0
DA:82,0
DA:83,0
DA:86,0
DA:91,0
DA:94,1
DA:95,0
DA:96,0
DA:97,0
DA:98,0
DA:100,0
DA:101,0
DA:104,1
LF:51
LH:12
BRDA:13,0,0,0
BRDA:22,1,0,0
BRDA:31,2,0,0
BRDA:40,3,0,0
BRDA:40,4,0,0
BRDA:40,4,1,0
BRDA:40,4,2,0
BRDA:68,5,0,0
BRDA:81,6,0,0
BRDA:96,7,0,0
BRF:10
BRH:0
end_of_record
TN:
SF:controllers\doctorController.ts
FN:5,(anonymous_7)
FN:5,(anonymous_8)
FN:10,(anonymous_9)
FN:10,(anonymous_10)
FN:19,(anonymous_11)
FN:19,(anonymous_12)
FN:32,(anonymous_13)
FN:32,(anonymous_14)
FN:47,(anonymous_15)
FN:47,(anonymous_16)
FNF:10
FNH:0
FNDA:0,(anonymous_7)
FNDA:0,(anonymous_8)
FNDA:0,(anonymous_9)
FNDA:0,(anonymous_10)
FNDA:0,(anonymous_11)
FNDA:0,(anonymous_12)
FNDA:0,(anonymous_13)
FNDA:0,(anonymous_14)
FNDA:0,(anonymous_15)
FNDA:0,(anonymous_16)
DA:1,1
DA:2,1
DA:3,1
DA:5,1
DA:6,0
DA:7,0
DA:10,1
DA:11,0
DA:12,0
DA:13,0
DA:14,0
DA:16,0
DA:19,1
DA:20,0
DA:21,0
DA:22,0
DA:23,0
DA:25,0
DA:29,0
DA:32,1
DA:33,0
DA:34,0
DA:35,0
DA:36,0
DA:39,0
DA:44,0
DA:47,1
DA:48,0
DA:49,0
DA:50,0
DA:51,0
DA:53,0
DA:54,0
DA:55,0
DA:56,0
DA:59,0
DA:62,1
LF:37
LH:9
BRDA:12,0,0,0
BRDA:21,1,0,0
BRDA:21,2,0,0
BRDA:21,2,1,0
BRDA:34,3,0,0
BRDA:49,4,0,0
BRF:6
BRH:0
end_of_record
TN:
SF:controllers\patientController.ts
FN:8,(anonymous_7)
FN:8,(anonymous_8)
FN:13,(anonymous_9)
FN:13,(anonymous_10)
FN:46,getPatientInfo
FN:56,loginPatient
FN:75,(anonymous_15)
FN:75,(anonymous_16)
FN:90,(anonymous_17)
FN:90,(anonymous_18)
FN:105,(anonymous_19)
FN:105,(anonymous_20)
FNF:12
FNH:0
FNDA:0,(anonymous_7)
FNDA:0,(anonymous_8)
FNDA:0,(anonymous_9)
FNDA:0,(anonymous_10)
FNDA:0,getPatientInfo
FNDA:0,loginPatient
FNDA:0,(anonymous_15)
FNDA:0,(anonymous_16)
FNDA:0,(anonymous_17)
FNDA:0,(anonymous_18)
FNDA:0,(anonymous_19)
FNDA:0,(anonymous_20)
DA:1,1
DA:2,1
DA:3,1
DA:4,1
DA:5,1
DA:6,1
DA:8,1
DA:9,0
DA:10,0
DA:13,1
DA:25,0
DA:27,0
DA:37,0
DA:38,0
DA:47,0
DA:50,0
DA:53,0
DA:57,0
DA:66,0
DA:67,0
DA:68,0
DA:71,0
DA:72,0
DA:75,1
DA:76,0
DA:77,0
DA:78,0
DA:79,0
DA:81,0
DA:87,0
DA:90,1
DA:91,0
DA:92,0
DA:93,0
DA:94,0
DA:97,0
DA:102,0
DA:105,1
DA:106,0
DA:107,0
DA:108,0
DA:109,0
DA:111,0
DA:112,0
DA:113,0
DA:114,0
DA:116,0
DA:119,1
LF:48
LH:12
BRDA:77,0,0,0
BRDA:77,1,0,0
BRDA:77,1,1,0
BRDA:77,1,2,0
BRDA:77,1,3,0
BRDA:92,2,0,0
BRDA:107,3,0,0
BRF:7
BRH:0
end_of_record
TN:
SF:models\appointmentModel.ts
FNF:0
FNH:0
DA:1,1
DA:2,1
DA:3,1
DA:25,1
LF:4
LH:4
BRF:0
BRH:0
end_of_record
TN:
SF:models\doctorModel.ts
FNF:0
FNH:0
DA:1,1
DA:2,1
DA:18,1
LF:3
LH:3
BRF:0
BRH:0
end_of_record
TN:
SF:models\patientModel.ts
FNF:0
FNH:0
DA:1,1
DA:2,1
DA:26,1
LF:3
LH:3
BRF:0
BRH:0
end_of_record
TN:
SF:restAPI\appointmentRoutes.ts
FNF:0
FNH:0
DA:1,1
DA:2,1
DA:3,1
DA:10,1
DA:12,1
DA:15,1
DA:18,1
DA:21,1
DA:24,1
DA:27,1
DA:30,1
DA:34,1
LF:12
LH:12
BRF:0
BRH:0
end_of_record
TN:
SF:restAPI\doctorRoutes.ts
FNF:0
FNH:0
DA:1,1
DA:2,1
DA:3,1
DA:8,1
DA:10,1
DA:13,1
DA:16,1
DA:19,1
DA:22,1
DA:26,1
LF:10
LH:10
BRF:0
BRH:0
end_of_record
TN:
SF:restAPI\patientRoutes.ts
FNF:0
FNH:0
DA:1,1
DA:2,1
DA:3,1
DA:8,1
DA:10,1
DA:13,1
DA:16,1
DA:19,1
DA:22,1
DA:27,1
LF:10
LH:10
BRF:0
BRH:0
end_of_record
TN:
SF:restAPI\userRoutes.ts
FN:5,(anonymous_0)
FN:12,(anonymous_1)
FNF:2
FNH:0
FNDA:0,(anonymous_0)
FNDA:0,(anonymous_1)
DA:1,1
DA:2,1
DA:3,1
DA:5,1
DA:6,0
DA:10,1
DA:13,0
DA:16,1
LF:8
LH:6
BRF:0
BRH:0
end_of_record
